p/343.png 1 0 0 655 437
p/348.png 1 0 0 655 437
p/243.png 1 0 0 655 437
p/332.png 1 0 0 655 437
p/125.png 1 0 0 655 437
p/64.png 1 0 0 655 437
p/186.png 1 0 0 655 437
p/07.png 1 0 0 655 437
p/234.png 1 0 0 655 437
p/19.png 1 0 0 655 437
p/33.png 1 0 0 655 437
p/275.png 1 0 0 655 437
p/42.png 1 0 0 655 437
p/110.png 1 0 0 655 437
p/252.png 1 0 0 655 437
p/241.png 1 0 0 655 437
p/76.png 1 0 0 655 437
p/86.png 1 0 0 655 437
p/262.png 1 0 0 655 437
p/288.png 1 0 0 655 437
p/69.png 1 0 0 655 437
p/204.png 1 0 0 655 437
p/62.png 1 0 0 655 437
p/336.png 1 0 0 655 437
p/209.png 1 0 0 655 437
p/143.png 1 0 0 655 437
p/98.png 1 0 0 655 437
p/34.png 1 0 0 655 437
p/323.png 1 0 0 655 437
p/250.png 1 0 0 655 437
p/235.png 1 0 0 655 437
p/201.png 1 0 0 655 437
p/193.png 1 0 0 655 437
p/307.png 1 0 0 655 437
p/17.png 1 0 0 655 437
p/293.png 1 0 0 655 437
p/61.png 1 0 0 655 437
p/321.png 1 0 0 655 437
p/20.png 1 0 0 655 437
p/123.png 1 0 0 655 437
p/266.png 1 0 0 655 437
p/25.png 1 0 0 655 437
p/246.png 1 0 0 655 437
p/256.png 1 0 0 655 437
p/05.png 1 0 0 655 437
p/346.png 1 0 0 655 437
p/26.png 1 0 0 655 437
p/51.png 1 0 0 655 437
p/291.png 1 0 0 655 437
p/132.png 1 0 0 655 437
p/158.png 1 0 0 655 437
p/140.png 1 0 0 655 437
p/165.png 1 0 0 655 437
p/164.png 1 0 0 655 437
p/147.png 1 0 0 655 437
p/315.png 1 0 0 655 437
p/280.png 1 0 0 655 437
p/206.png 1 0 0 655 437
p/207.png 1 0 0 655 437
p/131.png 1 0 0 655 437
p/102.png 1 0 0 655 437
p/02.png 1 0 0 655 437
p/53.png 1 0 0 655 437
p/04.png 1 0 0 655 437
p/127.png 1 0 0 655 437
p/137.png 1 0 0 655 437
p/58.png 1 0 0 655 437
p/166.png 1 0 0 655 437
p/91.png 1 0 0 655 437
p/89.png 1 0 0 655 437
p/318.png 1 0 0 655 437
p/115.png 1 0 0 655 437
p/302.png 1 0 0 655 437
p/32.png 1 0 0 655 437
p/120.png 1 0 0 655 437
p/308.png 1 0 0 655 437
p/84.png 1 0 0 655 437
p/27.png 1 0 0 655 437
p/187.png 1 0 0 655 437
p/141.png 1 0 0 655 437
p/195.png 1 0 0 655 437
p/41.png 1 0 0 655 437
p/340.png 1 0 0 655 437
p/48.png 1 0 0 655 437
p/299.png 1 0 0 655 437
p/159.png 1 0 0 655 437
p/157.png 1 0 0 655 437
p/197.png 1 0 0 655 437
p/328.png 1 0 0 655 437
p/227.png 1 0 0 655 437
p/108.png 1 0 0 655 437
p/338.png 1 0 0 655 437
p/327.png 1 0 0 655 437
p/264.png 1 0 0 655 437
p/244.png 1 0 0 655 437
p/326.png 1 0 0 655 437
p/56.png 1 0 0 655 437
p/285.png 1 0 0 655 437
p/174.png 1 0 0 655 437
p/87.png 1 0 0 655 437
p/282.png 1 0 0 655 437
p/188.png 1 0 0 655 437
p/258.png 1 0 0 655 437
p/300.png 1 0 0 655 437
p/40.png 1 0 0 655 437
p/182.png 1 0 0 655 437
p/54.png 1 0 0 655 437
p/202.png 1 0 0 655 437
p/347.png 1 0 0 655 437
p/317.png 1 0 0 655 437
p/263.png 1 0 0 655 437
p/283.png 1 0 0 655 437
p/349.png 1 0 0 655 437
p/128.png 1 0 0 655 437
p/212.png 1 0 0 655 437
p/23.png 1 0 0 655 437
p/155.png 1 0 0 655 437
p/130.png 1 0 0 655 437
p/232.png 1 0 0 655 437
p/221.png 1 0 0 655 437
p/114.png 1 0 0 655 437
p/129.png 1 0 0 655 437
p/242.png 1 0 0 655 437
p/63.png 1 0 0 655 437
p/203.png 1 0 0 655 437
p/142.png 1 0 0 655 437
p/265.png 1 0 0 655 437
p/350.png 1 0 0 655 437
p/99.png 1 0 0 655 437
p/218.png 1 0 0 655 437
p/03.png 1 0 0 655 437
p/11.png 1 0 0 655 437
p/287.png 1 0 0 655 437
p/284.png 1 0 0 655 437
p/47.png 1 0 0 655 437
p/341.png 1 0 0 655 437
p/194.png 1 0 0 655 437
p/211.png 1 0 0 655 437
p/324.png 1 0 0 655 437
p/303.png 1 0 0 655 437
p/200.png 1 0 0 655 437
p/261.png 1 0 0 655 437
p/316.png 1 0 0 655 437
p/74.png 1 0 0 655 437
p/39.png 1 0 0 655 437
p/245.png 1 0 0 655 437
p/251.png 1 0 0 655 437
p/216.png 1 0 0 655 437
p/30.png 1 0 0 655 437
p/154.png 1 0 0 655 437
p/325.png 1 0 0 655 437
p/107.png 1 0 0 655 437
p/80.png 1 0 0 655 437
p/150.png 1 0 0 655 437
p/333.png 1 0 0 655 437
p/167.png 1 0 0 655 437
p/278.png 1 0 0 655 437
p/220.png 1 0 0 655 437
p/70.png 1 0 0 655 437
p/313.png 1 0 0 655 437
p/331.png 1 0 0 655 437
p/178.png 1 0 0 655 437
p/103.png 1 0 0 655 437
p/224.png 1 0 0 655 437
p/162.png 1 0 0 655 437
p/37.png 1 0 0 655 437
p/236.png 1 0 0 655 437
p/65.png 1 0 0 655 437
p/170.png 1 0 0 655 437
p/192.png 1 0 0 655 437
p/68.png 1 0 0 655 437
p/94.png 1 0 0 655 437
p/163.png 1 0 0 655 437
p/156.png 1 0 0 655 437
p/189.png 1 0 0 655 437
p/223.png 1 0 0 655 437
p/149.png 1 0 0 655 437
p/184.png 1 0 0 655 437
p/77.png 1 0 0 655 437
p/335.png 1 0 0 655 437
p/124.png 1 0 0 655 437
p/52.png 1 0 0 655 437
p/14.png 1 0 0 655 437
p/117.png 1 0 0 655 437
p/73.png 1 0 0 655 437
p/294.png 1 0 0 655 437
p/49.png 1 0 0 655 437
p/135.png 1 0 0 655 437
p/322.png 1 0 0 655 437
p/46.png 1 0 0 655 437
p/271.png 1 0 0 655 437
p/305.png 1 0 0 655 437
p/237.png 1 0 0 655 437
p/29.png 1 0 0 655 437
p/213.png 1 0 0 655 437
p/229.png 1 0 0 655 437
p/38.png 1 0 0 655 437
p/230.png 1 0 0 655 437
p/105.png 1 0 0 655 437
p/292.png 1 0 0 655 437
p/296.png 1 0 0 655 437
p/247.png 1 0 0 655 437
p/314.png 1 0 0 655 437
p/90.png 1 0 0 655 437
p/122.png 1 0 0 655 437
p/106.png 1 0 0 655 437
p/10.png 1 0 0 655 437
p/175.png 1 0 0 655 437
p/344.png 1 0 0 655 437
p/100.png 1 0 0 655 437
p/312.png 1 0 0 655 437
p/66.png 1 0 0 655 437
p/177.png 1 0 0 655 437
p/297.png 1 0 0 655 437
p/290.png 1 0 0 655 437
p/152.png 1 0 0 655 437
p/267.png 1 0 0 655 437
p/169.png 1 0 0 655 437
p/329.png 1 0 0 655 437
p/01.png 1 0 0 655 437
p/151.png 1 0 0 655 437
p/113.png 1 0 0 655 437
p/121.png 1 0 0 655 437
p/134.png 1 0 0 655 437
p/281.png 1 0 0 655 437
p/276.png 1 0 0 655 437
p/109.png 1 0 0 655 437
p/92.png 1 0 0 655 437
p/133.png 1 0 0 655 437
p/16.png 1 0 0 655 437
p/45.png 1 0 0 655 437
p/185.png 1 0 0 655 437
p/95.png 1 0 0 655 437
p/31.png 1 0 0 655 437
p/215.png 1 0 0 655 437
p/60.png 1 0 0 655 437
p/71.png 1 0 0 655 437
p/75.png 1 0 0 655 437
p/06.png 1 0 0 655 437
p/306.png 1 0 0 655 437
p/238.png 1 0 0 655 437
p/24.png 1 0 0 655 437
p/311.png 1 0 0 655 437
p/233.png 1 0 0 655 437
p/12.png 1 0 0 655 437
p/136.png 1 0 0 655 437
p/79.png 1 0 0 655 437
p/67.png 1 0 0 655 437
p/72.png 1 0 0 655 437
p/153.png 1 0 0 655 437
p/320.png 1 0 0 655 437
p/104.png 1 0 0 655 437
p/208.png 1 0 0 655 437
p/298.png 1 0 0 655 437
p/161.png 1 0 0 655 437
p/111.png 1 0 0 655 437
p/168.png 1 0 0 655 437
p/255.png 1 0 0 655 437
p/144.png 1 0 0 655 437
p/78.png 1 0 0 655 437
p/205.png 1 0 0 655 437
p/59.png 1 0 0 655 437
p/254.png 1 0 0 655 437
p/93.png 1 0 0 655 437
p/309.png 1 0 0 655 437
p/269.png 1 0 0 655 437
p/85.png 1 0 0 655 437
p/13.png 1 0 0 655 437
p/28.png 1 0 0 655 437
p/21.png 1 0 0 655 437
p/179.png 1 0 0 655 437
p/330.png 1 0 0 655 437
p/231.png 1 0 0 655 437
p/145.png 1 0 0 655 437
p/50.png 1 0 0 655 437
p/82.png 1 0 0 655 437
p/259.png 1 0 0 655 437
p/339.png 1 0 0 655 437
p/199.png 1 0 0 655 437
p/55.png 1 0 0 655 437
p/289.png 1 0 0 655 437
p/210.png 1 0 0 655 437
p/214.png 1 0 0 655 437
p/272.png 1 0 0 655 437
p/36.png 1 0 0 655 437
p/18.png 1 0 0 655 437
p/196.png 1 0 0 655 437
p/301.png 1 0 0 655 437
p/172.png 1 0 0 655 437
p/183.png 1 0 0 655 437
p/126.png 1 0 0 655 437
p/225.png 1 0 0 655 437
p/171.png 1 0 0 655 437
p/35.png 1 0 0 655 437
p/176.png 1 0 0 655 437
p/181.png 1 0 0 655 437
p/22.png 1 0 0 655 437
p/248.png 1 0 0 655 437
p/15.png 1 0 0 655 437
p/277.png 1 0 0 655 437
p/270.png 1 0 0 655 437
p/342.png 1 0 0 655 437
p/96.png 1 0 0 655 437
p/334.png 1 0 0 655 437
p/345.png 1 0 0 655 437
p/190.png 1 0 0 655 437
p/44.png 1 0 0 655 437
p/88.png 1 0 0 655 437
p/222.png 1 0 0 655 437
p/160.png 1 0 0 655 437
p/286.png 1 0 0 655 437
p/319.png 1 0 0 655 437
p/146.png 1 0 0 655 437
p/81.png 1 0 0 655 437
p/118.png 1 0 0 655 437
p/83.png 1 0 0 655 437
p/253.png 1 0 0 655 437
p/57.png 1 0 0 655 437
p/279.png 1 0 0 655 437
p/273.png 1 0 0 655 437
p/239.png 1 0 0 655 437
p/173.png 1 0 0 655 437
p/260.png 1 0 0 655 437
p/240.png 1 0 0 655 437
p/257.png 1 0 0 655 437
p/274.png 1 0 0 655 437
p/249.png 1 0 0 655 437
p/180.png 1 0 0 655 437
p/08.png 1 0 0 655 437
p/217.png 1 0 0 655 437
p/337.png 1 0 0 655 437
p/228.png 1 0 0 655 437
p/198.png 1 0 0 655 437
p/112.png 1 0 0 655 437
p/43.png 1 0 0 655 437
p/101.png 1 0 0 655 437
p/119.png 1 0 0 655 437
p/138.png 1 0 0 655 437
p/09.png 1 0 0 655 437
p/310.png 1 0 0 655 437
p/148.png 1 0 0 655 437
p/97.png 1 0 0 655 437
p/116.png 1 0 0 655 437
p/304.png 1 0 0 655 437
p/139.png 1 0 0 655 437
p/268.png 1 0 0 655 437
p/295.png 1 0 0 655 437
p/191.png 1 0 0 655 437
p/219.png 1 0 0 655 437
p/226.png 1 0 0 655 437